<?xml version="1.0" encoding="UTF-8"?>
<!-- Generated by org.testng.reporters.JUnitReportReporter -->
<testsuite hostname="RamRaksha-PC" name="test.LoginTest" tests="1" failures="0" timestamp="10 Mar 2019 19:43:36 GMT" time="68.286" errors="0">
  <testcase name="tc_001" time="68.286" classname="test.LoginTest"/>
</testsuite> <!-- test.LoginTest -->
